<?xml version="1.0" encoding="UTF-8"?>
<!-- Generated by org.testng.reporters.JUnitReportReporter -->
<testsuite hostname="CTAADPG038PJZ" failures="0" tests="1" name="com.mycompany.app.SeleniumTest" time="0.006" errors="0" timestamp="2023-01-12T17:06:09 IST" skipped="0">
  <testcase classname="com.mycompany.app.SeleniumTest" name="f" time="0.006"/>
  <system-out/>
</testsuite> <!-- com.mycompany.app.SeleniumTest -->
